MyApplication2/app/build/intermediates/manifest_merge_blame_file/debug/manifest-merger-blame-debug-report.txt
1<?xml version="1.0" encoding="utf-8"?>
2<manifest xmlns:android="http://schemas.android.com/apk/res/android"
3    package="com.example.myapplication"
4    android:versionCode="1"
5    android:versionName="1.0" >
6
7    <uses-sdk
8        android:minSdkVersion="22"
8-->src\main\AndroidManifest.xml
9        android:targetSdkVersion="33" />
9-->src\main\AndroidManifest.xml
10
11    <uses-permission android:name="android.permission.INTERNET" />
11-->src\main\AndroidManifest.xml:5:5-67
11-->src\main\AndroidManifest.xml:5:22-64
12
13    <!-- Although the *SdkVersion is captured in gradle build files, this is required for non gradle builds -->
14    <!-- <uses-sdk android:minSdkVersion="14"/> -->
15    <uses-permission android:name="android.permission.ACCESS_NETWORK_STATE" />
15-->[com.google.firebase:firebase-database:20.1.0] AndroidManifest.xml:24:5-79
15-->[com.google.firebase:firebase-database:20.1.0] AndroidManifest.xml:24:22-76
16    <uses-permission android:name="android.permission.WAKE_LOCK" />
16-->[com.google.android.gms:play-services-measurement-api:21.2.0] AndroidManifest.xml:24:5-68
16-->[com.google.android.gms:play-services-measurement-api:21.2.0] AndroidManifest.xml:24:22-65
17    <uses-permission android:name="com.google.android.gms.permission.AD_ID" />
17-->[com.google.android.gms:play-services-measurement-api:21.2.0] AndroidManifest.xml:25:5-79
17-->[com.google.android.gms:play-services-measurement-api:21.2.0] AndroidManifest.xml:25:22-76
18    <uses-permission android:name="com.google.android.finsky.permission.BIND_GET_INSTALL_REFERRER_SERVICE" />
18-->[com.google.android.gms:play-services-measurement:21.2.0] AndroidManifest.xml:26:5-110
18-->[com.google.android.gms:play-services-measurement:21.2.0] AndroidManifest.xml:26:22-107
19
20    <application
20-->src\main\AndroidManifest.xml:7:5-107:19
21        android:allowBackup="true"
21-->src\main\AndroidManifest.xml:8:9-35
22        android:appComponentFactory="androidx.core.app.CoreComponentFactory"
22-->[androidx.core:core:1.8.0] AndroidManifest.xml:24:18-86
23        android:dataExtractionRules="@xml/data_extraction_rules"
23-->src\main\AndroidManifest.xml:9:9-65
24        android:debuggable="true"
25        android:fullBackupContent="@xml/backup_rules"
25-->src\main\AndroidManifest.xml:10:9-54
26        android:icon="@mipmap/ic_launcher"
26-->src\main\AndroidManifest.xml:11:9-43
27        android:label="@string/app_name"
27-->src\main\AndroidManifest.xml:12:9-41
28        android:roundIcon="@mipmap/ic_launcher_round"
28-->src\main\AndroidManifest.xml:13:9-54
29        android:supportsRtl="true"
29-->src\main\AndroidManifest.xml:14:9-35
30        android:testOnly="true"
31        android:theme="@style/Theme.MyApplication" >
31-->src\main\AndroidManifest.xml:15:9-51
32        <activity
32-->src\main\AndroidManifest.xml:17:9-23:20
33            android:name="com.example.myapplication.editaccount"
33-->src\main\AndroidManifest.xml:18:13-40
34            android:exported="false" >
34-->src\main\AndroidManifest.xml:19:13-37
35            <meta-data
35-->src\main\AndroidManifest.xml:20:13-22:36
36                android:name="android.app.lib_name"
36-->src\main\AndroidManifest.xml:21:17-52
37                android:value="" />
37-->src\main\AndroidManifest.xml:22:17-33
38        </activity>
39        <activity
39-->src\main\AndroidManifest.xml:24:9-30:20
40            android:name="com.example.myapplication.HostelInfo"
40-->src\main\AndroidManifest.xml:25:13-39
41            android:exported="false" >
41-->src\main\AndroidManifest.xml:26:13-37
42            <meta-data
42-->src\main\AndroidManifest.xml:20:13-22:36
43                android:name="android.app.lib_name"
43-->src\main\AndroidManifest.xml:21:17-52
44                android:value="" />
44-->src\main\AndroidManifest.xml:22:17-33
45        </activity>
46        <activity
46-->src\main\AndroidManifest.xml:31:9-37:20
47            android:name="com.example.myapplication.Complaint"
47-->src\main\AndroidManifest.xml:32:13-38
48            android:exported="false" >
48-->src\main\AndroidManifest.xml:33:13-37
49            <meta-data
49-->src\main\AndroidManifest.xml:20:13-22:36
50                android:name="android.app.lib_name"
50-->src\main\AndroidManifest.xml:21:17-52
51                android:value="" />
51-->src\main\AndroidManifest.xml:22:17-33
52        </activity>
53        <activity
53-->src\main\AndroidManifest.xml:38:9-44:20
54            android:name="com.example.myapplication.Fees"
54-->src\main\AndroidManifest.xml:39:13-33
55            android:exported="false" >
55-->src\main\AndroidManifest.xml:40:13-37
56            <meta-data
56-->src\main\AndroidManifest.xml:20:13-22:36
57                android:name="android.app.lib_name"
57-->src\main\AndroidManifest.xml:21:17-52
58                android:value="" />
58-->src\main\AndroidManifest.xml:22:17-33
59        </activity>
60        <activity
60-->src\main\AndroidManifest.xml:45:9-51:20
61            android:name="com.example.myapplication.account"
61-->src\main\AndroidManifest.xml:46:13-36
62            android:exported="false" >
62-->src\main\AndroidManifest.xml:47:13-37
63            <meta-data
63-->src\main\AndroidManifest.xml:20:13-22:36
64                android:name="android.app.lib_name"
64-->src\main\AndroidManifest.xml:21:17-52
65                android:value="" />
65-->src\main\AndroidManifest.xml:22:17-33
66        </activity>
67        <activity
67-->src\main\AndroidManifest.xml:52:9-58:20
68            android:name="com.example.myapplication.Register"
68-->src\main\AndroidManifest.xml:53:13-37
69            android:exported="false" >
69-->src\main\AndroidManifest.xml:54:13-37
70            <meta-data
70-->src\main\AndroidManifest.xml:20:13-22:36
71                android:name="android.app.lib_name"
71-->src\main\AndroidManifest.xml:21:17-52
72                android:value="" />
72-->src\main\AndroidManifest.xml:22:17-33
73        </activity>
74        <activity
74-->src\main\AndroidManifest.xml:59:9-71:20
75            android:name="com.example.myapplication.Login"
75-->src\main\AndroidManifest.xml:60:13-34
76            android:exported="true" >
76-->src\main\AndroidManifest.xml:61:13-36
77            <meta-data
77-->src\main\AndroidManifest.xml:20:13-22:36
78                android:name="android.app.lib_name"
78-->src\main\AndroidManifest.xml:21:17-52
79                android:value="" />
79-->src\main\AndroidManifest.xml:22:17-33
80
81            <intent-filter>
81-->src\main\AndroidManifest.xml:66:13-70:29
82                <action android:name="android.intent.action.MAIN" />
82-->src\main\AndroidManifest.xml:67:17-69
82-->src\main\AndroidManifest.xml:67:25-66
83
84                <category android:name="android.intent.category.LAUNCHER" />
84-->src\main\AndroidManifest.xml:69:17-77
84-->src\main\AndroidManifest.xml:69:27-74
85            </intent-filter>
86        </activity>
87        <activity
87-->src\main\AndroidManifest.xml:72:9-78:20
88            android:name="com.example.myapplication.MainActivity"
88-->src\main\AndroidManifest.xml:73:13-41
89            android:exported="true" >
89-->src\main\AndroidManifest.xml:74:13-36
90            <meta-data
90-->src\main\AndroidManifest.xml:20:13-22:36
91                android:name="android.app.lib_name"
91-->src\main\AndroidManifest.xml:21:17-52
92                android:value="" />
92-->src\main\AndroidManifest.xml:22:17-33
93        </activity>
94        <activity
94-->src\main\AndroidManifest.xml:79:9-85:20
95            android:name="com.example.myapplication.topup"
95-->src\main\AndroidManifest.xml:80:13-34
96            android:exported="false" >
96-->src\main\AndroidManifest.xml:81:13-37
97            <meta-data
97-->src\main\AndroidManifest.xml:20:13-22:36
98                android:name="android.app.lib_name"
98-->src\main\AndroidManifest.xml:21:17-52
99                android:value="" />
99-->src\main\AndroidManifest.xml:22:17-33
100        </activity>
101        <activity
101-->src\main\AndroidManifest.xml:86:9-92:20
102            android:name="com.example.myapplication.Pay"
102-->src\main\AndroidManifest.xml:87:13-32
103            android:exported="false" >
103-->src\main\AndroidManifest.xml:88:13-37
104            <meta-data
104-->src\main\AndroidManifest.xml:20:13-22:36
105                android:name="android.app.lib_name"
105-->src\main\AndroidManifest.xml:21:17-52
106                android:value="" />
106-->src\main\AndroidManifest.xml:22:17-33
107        </activity>
108        <activity
108-->src\main\AndroidManifest.xml:93:9-99:20
109            android:name="com.example.myapplication.User"
109-->src\main\AndroidManifest.xml:94:13-33
110            android:exported="false" >
110-->src\main\AndroidManifest.xml:95:13-37
111            <meta-data
111-->src\main\AndroidManifest.xml:20:13-22:36
112                android:name="android.app.lib_name"
112-->src\main\AndroidManifest.xml:21:17-52
113                android:value="" />
113-->src\main\AndroidManifest.xml:22:17-33
114        </activity>
115        <activity
115-->src\main\AndroidManifest.xml:100:9-106:20
116            android:name="com.example.myapplication.userlist"
116-->src\main\AndroidManifest.xml:101:13-37
117            android:exported="false" >
117-->src\main\AndroidManifest.xml:102:13-37
118            <meta-data
118-->src\main\AndroidManifest.xml:20:13-22:36
119                android:name="android.app.lib_name"
119-->src\main\AndroidManifest.xml:21:17-52
120                android:value="" />
120-->src\main\AndroidManifest.xml:22:17-33
121        </activity>
122
123        <service
123-->[com.google.firebase:firebase-database:20.1.0] AndroidManifest.xml:28:9-34:19
124            android:name="com.google.firebase.components.ComponentDiscoveryService"
124-->[com.google.firebase:firebase-database:20.1.0] AndroidManifest.xml:29:13-84
125            android:directBootAware="true"
125-->[com.google.firebase:firebase-common:20.2.0] AndroidManifest.xml:34:13-43
126            android:exported="false" >
126-->[com.google.firebase:firebase-database:20.1.0] AndroidManifest.xml:30:13-37
127            <meta-data
127-->[com.google.firebase:firebase-database:20.1.0] AndroidManifest.xml:31:13-33:85
128                android:name="com.google.firebase.components:com.google.firebase.database.DatabaseRegistrar"
128-->[com.google.firebase:firebase-database:20.1.0] AndroidManifest.xml:32:17-109
129                android:value="com.google.firebase.components.ComponentRegistrar" />
129-->[com.google.firebase:firebase-database:20.1.0] AndroidManifest.xml:33:17-82
130            <meta-data
130-->[com.google.android.gms:play-services-measurement-api:21.2.0] AndroidManifest.xml:31:13-33:85
131                android:name="com.google.firebase.components:com.google.firebase.analytics.connector.internal.AnalyticsConnectorRegistrar"
131-->[com.google.android.gms:play-services-measurement-api:21.2.0] AndroidManifest.xml:32:17-139
132                android:value="com.google.firebase.components.ComponentRegistrar" />
132-->[com.google.android.gms:play-services-measurement-api:21.2.0] AndroidManifest.xml:33:17-82
133            <meta-data
133-->[com.google.firebase:firebase-installations:17.1.0] AndroidManifest.xml:17:13-19:85
134                android:name="com.google.firebase.components:com.google.firebase.installations.FirebaseInstallationsRegistrar"
134-->[com.google.firebase:firebase-installations:17.1.0] AndroidManifest.xml:18:17-127
135                android:value="com.google.firebase.components.ComponentRegistrar" />
135-->[com.google.firebase:firebase-installations:17.1.0] AndroidManifest.xml:19:17-82
136        </service>
137
138        <provider
138-->[com.google.firebase:firebase-common:20.2.0] AndroidManifest.xml:25:9-30:39
139            android:name="com.google.firebase.provider.FirebaseInitProvider"
139-->[com.google.firebase:firebase-common:20.2.0] AndroidManifest.xml:26:13-77
140            android:authorities="com.example.myapplication.firebaseinitprovider"
140-->[com.google.firebase:firebase-common:20.2.0] AndroidManifest.xml:27:13-72
141            android:directBootAware="true"
141-->[com.google.firebase:firebase-common:20.2.0] AndroidManifest.xml:28:13-43
142            android:exported="false"
142-->[com.google.firebase:firebase-common:20.2.0] AndroidManifest.xml:29:13-37
143            android:initOrder="100" />
143-->[com.google.firebase:firebase-common:20.2.0] AndroidManifest.xml:30:13-36
144
145        <activity
145-->[com.google.android.gms:play-services-base:18.0.1] AndroidManifest.xml:20:9-22:45
146            android:name="com.google.android.gms.common.api.GoogleApiActivity"
146-->[com.google.android.gms:play-services-base:18.0.1] AndroidManifest.xml:20:19-85
147            android:exported="false"
147-->[com.google.android.gms:play-services-base:18.0.1] AndroidManifest.xml:22:19-43
148            android:theme="@android:style/Theme.Translucent.NoTitleBar" />
148-->[com.google.android.gms:play-services-base:18.0.1] AndroidManifest.xml:21:19-78
149
150        <receiver
150-->[com.google.android.gms:play-services-measurement:21.2.0] AndroidManifest.xml:29:9-33:20
151            android:name="com.google.android.gms.measurement.AppMeasurementReceiver"
151-->[com.google.android.gms:play-services-measurement:21.2.0] AndroidManifest.xml:30:13-85
152            android:enabled="true"
152-->[com.google.android.gms:play-services-measurement:21.2.0] AndroidManifest.xml:31:13-35
153            android:exported="false" >
153-->[com.google.android.gms:play-services-measurement:21.2.0] AndroidManifest.xml:32:13-37
154        </receiver>
155
156        <service
156-->[com.google.android.gms:play-services-measurement:21.2.0] AndroidManifest.xml:35:9-38:40
157            android:name="com.google.android.gms.measurement.AppMeasurementService"
157-->[com.google.android.gms:play-services-measurement:21.2.0] AndroidManifest.xml:36:13-84
158            android:enabled="true"
158-->[com.google.android.gms:play-services-measurement:21.2.0] AndroidManifest.xml:37:13-35
159            android:exported="false" />
159-->[com.google.android.gms:play-services-measurement:21.2.0] AndroidManifest.xml:38:13-37
160        <service
160-->[com.google.android.gms:play-services-measurement:21.2.0] AndroidManifest.xml:39:9-43:72
161            android:name="com.google.android.gms.measurement.AppMeasurementJobService"
161-->[com.google.android.gms:play-services-measurement:21.2.0] AndroidManifest.xml:40:13-87
162            android:enabled="true"
162-->[com.google.android.gms:play-services-measurement:21.2.0] AndroidManifest.xml:41:13-35
163            android:exported="false"
163-->[com.google.android.gms:play-services-measurement:21.2.0] AndroidManifest.xml:42:13-37
164            android:permission="android.permission.BIND_JOB_SERVICE" />
164-->[com.google.android.gms:play-services-measurement:21.2.0] AndroidManifest.xml:43:13-69
165
166        <meta-data
166-->[com.google.android.gms:play-services-basement:18.1.0] AndroidManifest.xml:21:9-23:69
167            android:name="com.google.android.gms.version"
167-->[com.google.android.gms:play-services-basement:18.1.0] AndroidManifest.xml:22:13-58
168            android:value="@integer/google_play_services_version" />
168-->[com.google.android.gms:play-services-basement:18.1.0] AndroidManifest.xml:23:13-66
169
170        <provider
170-->[androidx.emoji2:emoji2:1.2.0] AndroidManifest.xml:24:9-32:20
171            android:name="androidx.startup.InitializationProvider"
171-->[androidx.emoji2:emoji2:1.2.0] AndroidManifest.xml:25:13-67
172            android:authorities="com.example.myapplication.androidx-startup"
172-->[androidx.emoji2:emoji2:1.2.0] AndroidManifest.xml:26:13-68
173            android:exported="false" >
173-->[androidx.emoji2:emoji2:1.2.0] AndroidManifest.xml:27:13-37
174            <meta-data
174-->[androidx.emoji2:emoji2:1.2.0] AndroidManifest.xml:29:13-31:52
175                android:name="androidx.emoji2.text.EmojiCompatInitializer"
175-->[androidx.emoji2:emoji2:1.2.0] AndroidManifest.xml:30:17-75
176                android:value="androidx.startup" />
176-->[androidx.emoji2:emoji2:1.2.0] AndroidManifest.xml:31:17-49
177            <meta-data
177-->[androidx.lifecycle:lifecycle-process:2.4.1] AndroidManifest.xml:31:13-33:52
178                android:name="androidx.lifecycle.ProcessLifecycleInitializer"
178-->[androidx.lifecycle:lifecycle-process:2.4.1] AndroidManifest.xml:32:17-78
179                android:value="androidx.startup" />
179-->[androidx.lifecycle:lifecycle-process:2.4.1] AndroidManifest.xml:33:17-49
180        </provider>
181    </application>
182
183</manifest>